  Main.cpp
  DJAudioPlayer.cpp
  WaveformDisplay.cpp
  PlaylistComponent.cpp
  DeckGUI.cpp
  MainComponent.cpp
  include_juce_analytics.cpp
  include_juce_audio_basics.cpp
  include_juce_audio_devices.cpp
  include_juce_audio_formats.cpp
  include_juce_audio_processors_ara.cpp
  include_juce_audio_processors_lv2_libs.cpp
  include_juce_audio_utils.cpp
  include_juce_core.cpp
  include_juce_data_structures.cpp
  include_juce_events.cpp
  include_juce_graphics.cpp
  include_juce_gui_extra.cpp
C:\Users\Diogo\Desktop\OtoDecks_Project\Source\WaveformDisplay.cpp(48,29): warning C4244: 'argument': conversion from 'double' to 'int', possible loss of data
C:\Users\Diogo\Desktop\OtoDecks_Project\Source\Main.cpp(24,42): warning C4100: 'commandLine': unreferenced formal parameter
C:\Users\Diogo\Desktop\OtoDecks_Project\Source\WaveformDisplay.cpp(79,71): warning C4100: 'source': unreferenced formal parameter
C:\Users\Diogo\Desktop\OtoDecks_Project\Source\Main.cpp(46,54): warning C4100: 'commandLine': unreferenced formal parameter
C:\Users\Diogo\Desktop\OtoDecks_Project\Source\PlaylistComponent.cpp(113,55): warning C4244: 'argument': conversion from 'double' to 'int', possible loss of data
C:\Users\Diogo\Desktop\OtoDecks_Project\Source\PlaylistComponent.cpp(114,64): warning C4244: 'argument': conversion from 'double' to 'int', possible loss of data
C:\Users\Diogo\Desktop\OtoDecks_Project\Source\PlaylistComponent.cpp(115,33): warning C4244: 'argument': conversion from 'double' to 'int', possible loss of data
C:\Users\Diogo\Desktop\OtoDecks_Project\Source\PlaylistComponent.cpp(120,67): warning C4244: 'argument': conversion from 'double' to 'int', possible loss of data
C:\Users\Diogo\Desktop\OtoDecks_Project\Source\PlaylistComponent.cpp(121,67): warning C4244: 'argument': conversion from 'double' to 'int', possible loss of data
C:\Users\Diogo\Desktop\OtoDecks_Project\Source\PlaylistComponent.cpp(139,9): warning C4100: 'height': unreferenced formal parameter
C:\Users\Diogo\Desktop\OtoDecks_Project\Source\PlaylistComponent.cpp(138,9): warning C4100: 'width': unreferenced formal parameter
C:\Users\Diogo\Desktop\OtoDecks_Project\Source\PlaylistComponent.cpp(137,9): warning C4100: 'rowNumber': unreferenced formal parameter
C:\Users\Diogo\Desktop\OtoDecks_Project\Source\PlaylistComponent.cpp(166,28): warning C4244: 'initializing': conversion from 'ElementType' to 'time_t', possible loss of data
          with
          [
              ElementType=double
          ]
C:\Users\Diogo\Desktop\OtoDecks_Project\Source\PlaylistComponent.cpp(156,10): warning C4100: 'rowIsSelected': unreferenced formal parameter
C:\Users\Diogo\Desktop\OtoDecks_Project\Source\PlaylistComponent.cpp(204,10): warning C4100: 'isRowSelected': unreferenced formal parameter
C:\Users\Diogo\Desktop\OtoDecks_Project\Source\PlaylistComponent.cpp(265,33): warning C4189: 'result': local variable is initialized but not referenced
C:\Users\Diogo\Desktop\OtoDecks_Project\Source\PlaylistComponent.cpp(311,65): warning C4100: 'editor': unreferenced formal parameter
C:\Users\Diogo\Desktop\OtoDecks_Project\Source\DeckGUI.cpp(123,54): warning C4244: 'argument': conversion from 'double' to 'int', possible loss of data
C:\Users\Diogo\Desktop\OtoDecks_Project\Source\DeckGUI.cpp(125,47): warning C4244: 'argument': conversion from 'double' to 'int', possible loss of data
C:\Users\Diogo\Desktop\OtoDecks_Project\Source\DeckGUI.cpp(125,29): warning C4244: 'argument': conversion from 'double' to 'int', possible loss of data
C:\Users\Diogo\Desktop\OtoDecks_Project\Source\DeckGUI.cpp(126,50): warning C4244: 'argument': conversion from 'double' to 'int', possible loss of data
C:\Users\Diogo\Desktop\OtoDecks_Project\Source\DeckGUI.cpp(126,33): warning C4244: 'argument': conversion from 'double' to 'int', possible loss of data
C:\Users\Diogo\Desktop\OtoDecks_Project\Source\DeckGUI.cpp(127,52): warning C4244: 'argument': conversion from 'double' to 'int', possible loss of data
C:\Users\Diogo\Desktop\OtoDecks_Project\Source\DeckGUI.cpp(127,35): warning C4244: 'argument': conversion from 'double' to 'int', possible loss of data
C:\Users\Diogo\Desktop\OtoDecks_Project\Source\DeckGUI.cpp(128,50): warning C4244: 'argument': conversion from 'double' to 'int', possible loss of data
C:\Users\Diogo\Desktop\OtoDecks_Project\Source\DeckGUI.cpp(128,33): warning C4244: 'argument': conversion from 'double' to 'int', possible loss of data
C:\Users\Diogo\Desktop\OtoDecks_Project\Source\DeckGUI.cpp(130,72): warning C4244: 'argument': conversion from 'double' to 'int', possible loss of data
C:\Users\Diogo\Desktop\OtoDecks_Project\Source\DeckGUI.cpp(131,67): warning C4244: 'argument': conversion from 'double' to 'int', possible loss of data
C:\Users\Diogo\Desktop\OtoDecks_Project\Source\DeckGUI.cpp(133,51): warning C4244: 'argument': conversion from 'double' to 'int', possible loss of data
C:\Users\Diogo\Desktop\OtoDecks_Project\Source\DeckGUI.cpp(133,34): warning C4244: 'argument': conversion from 'double' to 'int', possible loss of data
C:\Users\Diogo\Desktop\OtoDecks_Project\Source\DeckGUI.cpp(135,81): warning C4244: 'argument': conversion from 'double' to 'int', possible loss of data
C:\Users\Diogo\Desktop\OtoDecks_Project\Source\DeckGUI.cpp(135,53): warning C4244: 'argument': conversion from 'double' to 'int', possible loss of data
C:\Users\Diogo\Desktop\OtoDecks_Project\Source\DeckGUI.cpp(136,81): warning C4244: 'argument': conversion from 'double' to 'int', possible loss of data
C:\Users\Diogo\Desktop\OtoDecks_Project\Source\DeckGUI.cpp(136,54): warning C4244: 'argument': conversion from 'double' to 'int', possible loss of data
C:\Users\Diogo\Desktop\OtoDecks_Project\Source\DeckGUI.cpp(138,76): warning C4244: 'argument': conversion from 'double' to 'int', possible loss of data
C:\Users\Diogo\Desktop\OtoDecks_Project\Source\DeckGUI.cpp(138,41): warning C4244: 'argument': conversion from 'double' to 'int', possible loss of data
C:\Users\Diogo\Desktop\OtoDecks_Project\Source\DeckGUI.cpp(139,51): warning C4244: 'argument': conversion from 'double' to 'int', possible loss of data
C:\Users\Diogo\Desktop\OtoDecks_Project\Source\DeckGUI.cpp(139,34): warning C4244: 'argument': conversion from 'double' to 'int', possible loss of data
C:\Users\Diogo\Desktop\OtoDecks_Project\Source\DeckGUI.cpp(140,52): warning C4244: 'argument': conversion from 'double' to 'int', possible loss of data
C:\Users\Diogo\Desktop\OtoDecks_Project\Source\DeckGUI.cpp(140,34): warning C4244: 'argument': conversion from 'double' to 'int', possible loss of data
C:\Users\Diogo\Desktop\OtoDecks_Project\Source\DeckGUI.cpp(224,63): warning C4100: 'files': unreferenced formal parameter
C:\Users\Diogo\Desktop\OtoDecks_Project\Source\DeckGUI.cpp(230,71): warning C4100: 'y': unreferenced formal parameter
C:\Users\Diogo\Desktop\OtoDecks_Project\Source\DeckGUI.cpp(230,64): warning C4100: 'x': unreferenced formal parameter
C:\Users\Diogo\Desktop\OtoDecks_Project\Source\DJAudioPlayer.cpp(46,58): warning C4996: 'juce::URL::createInputStream': New code should use the method which takes an InputStreamOptions argument instead.
C:\Users\Diogo\Desktop\OtoDecks_Project\Source\DJAudioPlayer.cpp(66,33): warning C4244: 'argument': conversion from 'double' to 'float', possible loss of data
C:\Users\Diogo\Desktop\OtoDecks_Project\Source\MainComponent.cpp(87,49): warning C4100: 'button': unreferenced formal parameter
C:\Users\Diogo\Desktop\OtoDecks_Project\Source\MainComponent.cpp(91,54): warning C4100: 'slider': unreferenced formal parameter
C:\Users\Diogo\Desktop\OtoDecks_Project\Source\DeckGUI.cpp(232): warning C4702: unreachable code
  include_juce_audio_processors.cpp
  include_juce_gui_basics.cpp
  OtoDecks_Project_App.vcxproj -> C:\Users\Diogo\Desktop\OtoDecks_Project\Builds\VisualStudio2022\x64\Debug\App\OtoDecks_Project.exe
